# JRE version: Java(TM) SE Runtime Environment (17.0.6+9) (build 17.0.6+9-LTS-190)
# Java VM: Java HotSpot(TM) 64-Bit Server VM (17.0.6+9-LTS-190, mixed mode, sharing, tiered, compressed oops, compressed class ptrs, g1 gc, windows-amd64)
GC Precious Log:
 CPUs: 8 total, 8 available
 Memory: 7973M
 Large Page Support: Disabled
 NUMA Support: Disabled
 Compressed Oops: Enabled (32-bit)
 Heap Region Size: 1M
 Heap Min Capacity: 8M
 Heap Initial Capacity: 126M
 Heap Max Capacity: 1994M
 Pre-touch: Disabled
 Parallel Workers: 8
 Concurrent Workers: 2
 Concurrent Refinement Workers: 8
 Periodic GC: Disabled
Heap:
 garbage-first heap   total 395264K, used 103566K [0x0000000083600000, 0x0000000100000000)
  region size 1024K, 3 young (3072K), 3 survivors (3072K)
 Metaspace       used 76795K, committed 77312K, reserved 1122304K
  class space    used 9751K, committed 9984K, reserved 1048576K
GC Heap History (20 events):
Event: 50.572 GC heap after
{Heap after GC invocations=45 (full 0):
 garbage-first heap   total 395264K, used 124595K [0x0000000083600000, 0x0000000100000000)
  region size 1024K, 5 young (5120K), 5 survivors (5120K)
 Metaspace       used 75796K, committed 76288K, reserved 1122304K
  class space    used 9745K, committed 9984K, reserved 1048576K
}
Event: 64.998 GC heap before
{Heap before GC invocations=46 (full 0):
 garbage-first heap   total 345088K, used 202419K [0x0000000083600000, 0x0000000100000000)
  region size 1024K, 108 young (110592K), 5 survivors (5120K)
 Metaspace       used 76160K, committed 76672K, reserved 1122304K
  class space    used 9747K, committed 9984K, reserved 1048576K
}
Event: 65.026 GC heap after
{Heap after GC invocations=47 (full 0):
 garbage-first heap   total 345088K, used 111283K [0x0000000083600000, 0x0000000100000000)
  region size 1024K, 14 young (14336K), 14 survivors (14336K)
 Metaspace       used 76160K, committed 76672K, reserved 1122304K
  class space    used 9747K, committed 9984K, reserved 1048576K
}
Event: 65.041 GC heap before
{Heap before GC invocations=47 (full 0):
 garbage-first heap   total 345088K, used 113331K [0x0000000083600000, 0x0000000100000000)
  region size 1024K, 16 young (16384K), 14 survivors (14336K)
 Metaspace       used 76160K, committed 76672K, reserved 1122304K
  class space    used 9747K, committed 9984K, reserved 1048576K
}
Event: 65.058 GC heap after
{Heap after GC invocations=48 (full 0):
 garbage-first heap   total 345088K, used 99258K [0x0000000083600000, 0x0000000100000000)
  region size 1024K, 2 young (2048K), 2 survivors (2048K)
 Metaspace       used 76160K, committed 76672K, reserved 1122304K
  class space    used 9747K, committed 9984K, reserved 1048576K
}
Event: 79.440 GC heap before
{Heap before GC invocations=48 (full 0):
 garbage-first heap   total 345088K, used 200634K [0x0000000083600000, 0x0000000100000000)
  region size 1024K, 96 young (98304K), 2 survivors (2048K)
 Metaspace       used 76460K, committed 76992K, reserved 1122304K
  class space    used 9750K, committed 9984K, reserved 1048576K
}
Event: 79.462 GC heap after
{Heap after GC invocations=49 (full 0):
 garbage-first heap   total 345088K, used 110189K [0x0000000083600000, 0x0000000100000000)
  region size 1024K, 11 young (11264K), 11 survivors (11264K)
 Metaspace       used 76460K, committed 76992K, reserved 1122304K
  class space    used 9750K, committed 9984K, reserved 1048576K
}
Event: 86.731 GC heap before
{Heap before GC invocations=49 (full 0):
 garbage-first heap   total 345088K, used 171629K [0x0000000083600000, 0x0000000100000000)
  region size 1024K, 70 young (71680K), 11 survivors (11264K)
 Metaspace       used 76533K, committed 76992K, reserved 1122304K
  class space    used 9751K, committed 9984K, reserved 1048576K
}
Event: 86.745 GC heap after
{Heap after GC invocations=50 (full 0):
 garbage-first heap   total 345088K, used 109321K [0x0000000083600000, 0x0000000100000000)
  region size 1024K, 2 young (2048K), 2 survivors (2048K)
 Metaspace       used 76533K, committed 76992K, reserved 1122304K
  class space    used 9751K, committed 9984K, reserved 1048576K
}
Event: 101.021 GC heap before
{Heap before GC invocations=51 (full 0):
 garbage-first heap   total 345088K, used 229462K [0x0000000083600000, 0x0000000100000000)
  region size 1024K, 124 young (126976K), 2 survivors (2048K)
 Metaspace       used 76699K, committed 77184K, reserved 1122304K
  class space    used 9751K, committed 9984K, reserved 1048576K
}
Event: 101.025 GC heap after
{Heap after GC invocations=52 (full 0):
 garbage-first heap   total 345088K, used 94409K [0x0000000083600000, 0x0000000100000000)
  region size 1024K, 2 young (2048K), 2 survivors (2048K)
 Metaspace       used 76699K, committed 77184K, reserved 1122304K
  class space    used 9751K, committed 9984K, reserved 1048576K
}
Event: 101.082 GC heap before
{Heap before GC invocations=52 (full 0):
 garbage-first heap   total 345088K, used 108745K [0x0000000083600000, 0x0000000100000000)
  region size 1024K, 16 young (16384K), 2 survivors (2048K)
 Metaspace       used 76700K, committed 77184K, reserved 1122304K
  class space    used 9751K, committed 9984K, reserved 1048576K
}
Event: 101.093 GC heap after
{Heap after GC invocations=53 (full 0):
 garbage-first heap   total 345088K, used 91837K [0x0000000083600000, 0x0000000100000000)
  region size 1024K, 2 young (2048K), 2 survivors (2048K)
 Metaspace       used 76700K, committed 77184K, reserved 1122304K
  class space    used 9751K, committed 9984K, reserved 1048576K
}
Event: 108.298 GC heap before
{Heap before GC invocations=53 (full 0):
 garbage-first heap   total 345088K, used 132797K [0x0000000083600000, 0x0000000100000000)
  region size 1024K, 43 young (44032K), 2 survivors (2048K)
 Metaspace       used 76734K, committed 77248K, reserved 1122304K
  class space    used 9751K, committed 9984K, reserved 1048576K
}
Event: 108.317 GC heap after
{Heap after GC invocations=54 (full 0):
 garbage-first heap   total 345088K, used 104697K [0x0000000083600000, 0x0000000100000000)
  region size 1024K, 15 young (15360K), 15 survivors (15360K)
 Metaspace       used 76734K, committed 77248K, reserved 1122304K
  class space    used 9751K, committed 9984K, reserved 1048576K
}
Event: 121.059 GC heap before
{Heap before GC invocations=55 (full 0):
 garbage-first heap   total 301056K, used 196857K [0x0000000083600000, 0x0000000100000000)
  region size 1024K, 120 young (122880K), 15 survivors (15360K)
 Metaspace       used 76782K, committed 77248K, reserved 1122304K
  class space    used 9751K, committed 9984K, reserved 1048576K
}
Event: 121.479 GC heap after
{Heap after GC invocations=56 (full 0):
 garbage-first heap   total 301056K, used 105756K [0x0000000083600000, 0x0000000100000000)
  region size 1024K, 15 young (15360K), 15 survivors (15360K)
 Metaspace       used 76782K, committed 77248K, reserved 1122304K
  class space    used 9751K, committed 9984K, reserved 1048576K
}
Event: 121.542 GC heap before
{Heap before GC invocations=56 (full 0):
 garbage-first heap   total 301056K, used 106780K [0x0000000083600000, 0x0000000100000000)
  region size 1024K, 16 young (16384K), 15 survivors (15360K)
 Metaspace       used 76782K, committed 77248K, reserved 1122304K
  class space    used 9751K, committed 9984K, reserved 1048576K
}
Event: 121.688 GC heap after
{Heap after GC invocations=57 (full 0):
 garbage-first heap   total 301056K, used 102426K [0x0000000083600000, 0x0000000100000000)
  region size 1024K, 2 young (2048K), 2 survivors (2048K)
 Metaspace       used 76782K, committed 77248K, reserved 1122304K
  class space    used 9751K, committed 9984K, reserved 1048576K
}
Event: 129.583 GC heap before
{Heap before GC invocations=57 (full 0):
 garbage-first heap   total 301056K, used 112666K [0x0000000083600000, 0x0000000100000000)
  region size 1024K, 13 young (13312K), 2 survivors (2048K)
 Metaspace       used 76795K, committed 77312K, reserved 1122304K
  class space    used 9751K, committed 9984K, reserved 1048576K
}

