# JRE version: Java(TM) SE Runtime Environment (17.0.6+9) (build 17.0.6+9-LTS-190)
# Java VM: Java HotSpot(TM) 64-Bit Server VM (17.0.6+9-LTS-190, mixed mode, sharing, tiered, compressed oops, compressed class ptrs, g1 gc, windows-amd64)
GC Precious Log:
 CPUs: 8 total, 8 available
 Memory: 7973M
 Large Page Support: Disabled
 NUMA Support: Disabled
 Compressed Oops: Enabled (32-bit)
 Heap Region Size: 1M
 Heap Min Capacity: 8M
 Heap Initial Capacity: 126M
 Heap Max Capacity: 1994M
 Pre-touch: Disabled
 Parallel Workers: 8
 Concurrent Workers: 2
 Concurrent Refinement Workers: 8
 Periodic GC: Disabled
Heap:
 garbage-first heap   total 313344K, used 104630K [0x0000000083600000, 0x0000000100000000)
  region size 1024K, 8 young (8192K), 8 survivors (8192K)
 Metaspace       used 77645K, committed 78208K, reserved 1122304K
  class space    used 9757K, committed 10048K, reserved 1048576K
GC Heap History (20 events):
Event: 571.076 GC heap after
{Heap after GC invocations=99 (full 0):
 garbage-first heap   total 331776K, used 103913K [0x0000000083600000, 0x0000000100000000)
  region size 1024K, 2 young (2048K), 2 survivors (2048K)
 Metaspace       used 77636K, committed 78208K, reserved 1122304K
  class space    used 9757K, committed 10048K, reserved 1048576K
}
Event: 579.537 GC heap before
{Heap before GC invocations=99 (full 0):
 garbage-first heap   total 331776K, used 120297K [0x0000000083600000, 0x0000000100000000)
  region size 1024K, 19 young (19456K), 2 survivors (2048K)
 Metaspace       used 77637K, committed 78208K, reserved 1122304K
  class space    used 9757K, committed 10048K, reserved 1048576K
}
Event: 579.569 GC heap after
{Heap after GC invocations=100 (full 0):
 garbage-first heap   total 331776K, used 105622K [0x0000000083600000, 0x0000000100000000)
  region size 1024K, 4 young (4096K), 4 survivors (4096K)
 Metaspace       used 77637K, committed 78208K, reserved 1122304K
  class space    used 9757K, committed 10048K, reserved 1048576K
}
Event: 588.438 GC heap before
{Heap before GC invocations=101 (full 0):
 garbage-first heap   total 290816K, used 197782K [0x0000000083600000, 0x0000000100000000)
  region size 1024K, 110 young (112640K), 4 survivors (4096K)
 Metaspace       used 77637K, committed 78208K, reserved 1122304K
  class space    used 9757K, committed 10048K, reserved 1048576K
}
Event: 588.507 GC heap after
{Heap after GC invocations=102 (full 0):
 garbage-first heap   total 290816K, used 105340K [0x0000000083600000, 0x0000000100000000)
  region size 1024K, 14 young (14336K), 14 survivors (14336K)
 Metaspace       used 77637K, committed 78208K, reserved 1122304K
  class space    used 9757K, committed 10048K, reserved 1048576K
}
Event: 588.527 GC heap before
{Heap before GC invocations=102 (full 0):
 garbage-first heap   total 290816K, used 106364K [0x0000000083600000, 0x0000000100000000)
  region size 1024K, 15 young (15360K), 14 survivors (14336K)
 Metaspace       used 77637K, committed 78208K, reserved 1122304K
  class space    used 9757K, committed 10048K, reserved 1048576K
}
Event: 588.572 GC heap after
{Heap after GC invocations=103 (full 0):
 garbage-first heap   total 290816K, used 101313K [0x0000000083600000, 0x0000000100000000)
  region size 1024K, 1 young (1024K), 1 survivors (1024K)
 Metaspace       used 77637K, committed 78208K, reserved 1122304K
  class space    used 9757K, committed 10048K, reserved 1048576K
}
Event: 596.075 GC heap before
{Heap before GC invocations=103 (full 0):
 garbage-first heap   total 290816K, used 112577K [0x0000000083600000, 0x0000000100000000)
  region size 1024K, 13 young (13312K), 1 survivors (1024K)
 Metaspace       used 77637K, committed 78208K, reserved 1122304K
  class space    used 9757K, committed 10048K, reserved 1048576K
}
Event: 596.083 GC heap after
{Heap after GC invocations=104 (full 0):
 garbage-first heap   total 290816K, used 102726K [0x0000000083600000, 0x0000000100000000)
  region size 1024K, 3 young (3072K), 3 survivors (3072K)
 Metaspace       used 77637K, committed 78208K, reserved 1122304K
  class space    used 9757K, committed 10048K, reserved 1048576K
}
Event: 607.333 GC heap before
{Heap before GC invocations=105 (full 0):
 garbage-first heap   total 290816K, used 177478K [0x0000000083600000, 0x0000000100000000)
  region size 1024K, 87 young (89088K), 3 survivors (3072K)
 Metaspace       used 77638K, committed 78208K, reserved 1122304K
  class space    used 9757K, committed 10048K, reserved 1048576K
}
Event: 607.374 GC heap after
{Heap after GC invocations=106 (full 0):
 garbage-first heap   total 290816K, used 101020K [0x0000000083600000, 0x0000000100000000)
  region size 1024K, 11 young (11264K), 11 survivors (11264K)
 Metaspace       used 77638K, committed 78208K, reserved 1122304K
  class space    used 9757K, committed 10048K, reserved 1048576K
}
Event: 607.399 GC heap before
{Heap before GC invocations=106 (full 0):
 garbage-first heap   total 290816K, used 104092K [0x0000000083600000, 0x0000000100000000)
  region size 1024K, 14 young (14336K), 11 survivors (11264K)
 Metaspace       used 77638K, committed 78208K, reserved 1122304K
  class space    used 9757K, committed 10048K, reserved 1048576K
}
Event: 607.426 GC heap after
{Heap after GC invocations=107 (full 0):
 garbage-first heap   total 290816K, used 91985K [0x0000000083600000, 0x0000000100000000)
  region size 1024K, 2 young (2048K), 2 survivors (2048K)
 Metaspace       used 77638K, committed 78208K, reserved 1122304K
  class space    used 9757K, committed 10048K, reserved 1048576K
}
Event: 620.229 GC heap before
{Heap before GC invocations=107 (full 0):
 garbage-first heap   total 290816K, used 124753K [0x0000000083600000, 0x0000000100000000)
  region size 1024K, 35 young (35840K), 2 survivors (2048K)
 Metaspace       used 77641K, committed 78208K, reserved 1122304K
  class space    used 9757K, committed 10048K, reserved 1048576K
}
Event: 620.268 GC heap after
{Heap after GC invocations=108 (full 0):
 garbage-first heap   total 290816K, used 98969K [0x0000000083600000, 0x0000000100000000)
  region size 1024K, 9 young (9216K), 9 survivors (9216K)
 Metaspace       used 77641K, committed 78208K, reserved 1122304K
  class space    used 9757K, committed 10048K, reserved 1048576K
}
Event: 635.651 GC heap before
{Heap before GC invocations=109 (full 0):
 garbage-first heap   total 290816K, used 181913K [0x0000000083600000, 0x0000000100000000)
  region size 1024K, 98 young (100352K), 9 survivors (9216K)
 Metaspace       used 77643K, committed 78208K, reserved 1122304K
  class space    used 9757K, committed 10048K, reserved 1048576K
}
Event: 635.714 GC heap after
{Heap after GC invocations=110 (full 0):
 garbage-first heap   total 290816K, used 101633K [0x0000000083600000, 0x0000000100000000)
  region size 1024K, 13 young (13312K), 13 survivors (13312K)
 Metaspace       used 77643K, committed 78208K, reserved 1122304K
  class space    used 9757K, committed 10048K, reserved 1048576K
}
Event: 635.743 GC heap before
{Heap before GC invocations=110 (full 0):
 garbage-first heap   total 290816K, used 102657K [0x0000000083600000, 0x0000000100000000)
  region size 1024K, 14 young (14336K), 13 survivors (13312K)
 Metaspace       used 77643K, committed 78208K, reserved 1122304K
  class space    used 9757K, committed 10048K, reserved 1048576K
}
Event: 635.770 GC heap after
{Heap after GC invocations=111 (full 0):
 garbage-first heap   total 290816K, used 98309K [0x0000000083600000, 0x0000000100000000)
  region size 1024K, 2 young (2048K), 2 survivors (2048K)
 Metaspace       used 77643K, committed 78208K, reserved 1122304K
  class space    used 9757K, committed 10048K, reserved 1048576K
}
Event: 660.244 GC heap before
{Heap before GC invocations=111 (full 0):
 garbage-first heap   total 290816K, used 129029K [0x0000000083600000, 0x0000000100000000)
  region size 1024K, 33 young (33792K), 2 survivors (2048K)
 Metaspace       used 77645K, committed 78208K, reserved 1122304K
  class space    used 9757K, committed 10048K, reserved 1048576K
}

