# JRE version: Java(TM) SE Runtime Environment (17.0.6+9) (build 17.0.6+9-LTS-190)
# Java VM: Java HotSpot(TM) 64-Bit Server VM (17.0.6+9-LTS-190, mixed mode, sharing, tiered, compressed oops, compressed class ptrs, g1 gc, windows-amd64)
GC Precious Log:
 CPUs: 8 total, 8 available
 Memory: 7973M
 Large Page Support: Disabled
 NUMA Support: Disabled
 Compressed Oops: Enabled (32-bit)
 Heap Region Size: 1M
 Heap Min Capacity: 8M
 Heap Initial Capacity: 126M
 Heap Max Capacity: 1994M
 Pre-touch: Disabled
 Parallel Workers: 8
 Concurrent Workers: 2
 Concurrent Refinement Workers: 8
 Periodic GC: Disabled
Heap:
 garbage-first heap   total 186368K, used 95073K [0x0000000083600000, 0x0000000100000000)
  region size 1024K, 2 young (2048K), 2 survivors (2048K)
 Metaspace       used 75491K, committed 75968K, reserved 1122304K
  class space    used 9730K, committed 9984K, reserved 1048576K
GC Heap History (20 events):
Event: 18.398 GC heap after
{Heap after GC invocations=30 (full 0):
 garbage-first heap   total 63488K, used 35428K [0x0000000083600000, 0x0000000100000000)
  region size 1024K, 1 young (1024K), 1 survivors (1024K)
 Metaspace       used 67885K, committed 68352K, reserved 1114112K
  class space    used 8987K, committed 9216K, reserved 1048576K
}
Event: 18.422 GC heap before
{Heap before GC invocations=30 (full 0):
 garbage-first heap   total 63488K, used 50788K [0x0000000083600000, 0x0000000100000000)
  region size 1024K, 16 young (16384K), 1 survivors (1024K)
 Metaspace       used 67885K, committed 68352K, reserved 1114112K
  class space    used 8987K, committed 9216K, reserved 1048576K
}
Event: 18.424 GC heap after
{Heap after GC invocations=31 (full 0):
 garbage-first heap   total 63488K, used 35924K [0x0000000083600000, 0x0000000100000000)
  region size 1024K, 1 young (1024K), 1 survivors (1024K)
 Metaspace       used 67885K, committed 68352K, reserved 1114112K
  class space    used 8987K, committed 9216K, reserved 1048576K
}
Event: 18.802 GC heap before
{Heap before GC invocations=32 (full 0):
 garbage-first heap   total 70656K, used 51284K [0x0000000083600000, 0x0000000100000000)
  region size 1024K, 16 young (16384K), 1 survivors (1024K)
 Metaspace       used 69827K, committed 70272K, reserved 1114112K
  class space    used 9225K, committed 9408K, reserved 1048576K
}
Event: 18.806 GC heap after
{Heap after GC invocations=33 (full 0):
 garbage-first heap   total 70656K, used 37905K [0x0000000083600000, 0x0000000100000000)
  region size 1024K, 2 young (2048K), 2 survivors (2048K)
 Metaspace       used 69827K, committed 70272K, reserved 1114112K
  class space    used 9225K, committed 9408K, reserved 1048576K
}
Event: 18.827 GC heap before
{Heap before GC invocations=33 (full 0):
 garbage-first heap   total 70656K, used 38929K [0x0000000083600000, 0x0000000100000000)
  region size 1024K, 3 young (3072K), 2 survivors (2048K)
 Metaspace       used 69833K, committed 70272K, reserved 1114112K
  class space    used 9226K, committed 9408K, reserved 1048576K
}
Event: 18.834 GC heap after
{Heap after GC invocations=34 (full 0):
 garbage-first heap   total 186368K, used 38466K [0x0000000083600000, 0x0000000100000000)
  region size 1024K, 1 young (1024K), 1 survivors (1024K)
 Metaspace       used 69833K, committed 70272K, reserved 1114112K
  class space    used 9226K, committed 9408K, reserved 1048576K
}
Event: 31.031 GC heap before
{Heap before GC invocations=34 (full 0):
 garbage-first heap   total 186368K, used 144962K [0x0000000083600000, 0x0000000100000000)
  region size 1024K, 101 young (103424K), 1 survivors (1024K)
 Metaspace       used 75015K, committed 75520K, reserved 1122304K
  class space    used 9723K, committed 9984K, reserved 1048576K
}
Event: 31.059 GC heap after
{Heap after GC invocations=35 (full 0):
 garbage-first heap   total 186368K, used 78789K [0x0000000083600000, 0x0000000100000000)
  region size 1024K, 13 young (13312K), 13 survivors (13312K)
 Metaspace       used 75015K, committed 75520K, reserved 1122304K
  class space    used 9723K, committed 9984K, reserved 1048576K
}
Event: 38.815 GC heap before
{Heap before GC invocations=35 (full 0):
 garbage-first heap   total 186368K, used 141253K [0x0000000083600000, 0x0000000100000000)
  region size 1024K, 70 young (71680K), 13 survivors (13312K)
 Metaspace       used 75305K, committed 75776K, reserved 1122304K
  class space    used 9729K, committed 9984K, reserved 1048576K
}
Event: 38.847 GC heap after
{Heap after GC invocations=36 (full 0):
 garbage-first heap   total 186368K, used 105398K [0x0000000083600000, 0x0000000100000000)
  region size 1024K, 9 young (9216K), 9 survivors (9216K)
 Metaspace       used 75305K, committed 75776K, reserved 1122304K
  class space    used 9729K, committed 9984K, reserved 1048576K
}
Event: 38.999 GC heap before
{Heap before GC invocations=36 (full 0):
 garbage-first heap   total 186368K, used 138166K [0x0000000083600000, 0x0000000100000000)
  region size 1024K, 41 young (41984K), 9 survivors (9216K)
 Metaspace       used 75305K, committed 75776K, reserved 1122304K
  class space    used 9730K, committed 9984K, reserved 1048576K
}
Event: 39.024 GC heap after
{Heap after GC invocations=37 (full 0):
 garbage-first heap   total 186368K, used 119296K [0x0000000083600000, 0x0000000100000000)
  region size 1024K, 6 young (6144K), 6 survivors (6144K)
 Metaspace       used 75305K, committed 75776K, reserved 1122304K
  class space    used 9730K, committed 9984K, reserved 1048576K
}
Event: 45.997 GC heap before
{Heap before GC invocations=37 (full 0):
 garbage-first heap   total 186368K, used 126464K [0x0000000083600000, 0x0000000100000000)
  region size 1024K, 14 young (14336K), 6 survivors (6144K)
 Metaspace       used 75463K, committed 75968K, reserved 1122304K
  class space    used 9730K, committed 9984K, reserved 1048576K
}
Event: 46.005 GC heap after
{Heap after GC invocations=38 (full 0):
 garbage-first heap   total 186368K, used 122201K [0x0000000083600000, 0x0000000100000000)
  region size 1024K, 2 young (2048K), 2 survivors (2048K)
 Metaspace       used 75463K, committed 75968K, reserved 1122304K
  class space    used 9730K, committed 9984K, reserved 1048576K
}
Event: 46.147 GC heap before
{Heap before GC invocations=39 (full 0):
 garbage-first heap   total 186368K, used 118105K [0x0000000083600000, 0x0000000100000000)
  region size 1024K, 24 young (24576K), 2 survivors (2048K)
 Metaspace       used 75491K, committed 75968K, reserved 1122304K
  class space    used 9730K, committed 9984K, reserved 1048576K
}
Event: 46.156 GC heap after
{Heap after GC invocations=40 (full 0):
 garbage-first heap   total 186368K, used 107967K [0x0000000083600000, 0x0000000100000000)
  region size 1024K, 3 young (3072K), 3 survivors (3072K)
 Metaspace       used 75491K, committed 75968K, reserved 1122304K
  class space    used 9730K, committed 9984K, reserved 1048576K
}
Event: 46.175 GC heap before
{Heap before GC invocations=40 (full 0):
 garbage-first heap   total 186368K, used 114111K [0x0000000083600000, 0x0000000100000000)
  region size 1024K, 9 young (9216K), 3 survivors (3072K)
 Metaspace       used 75491K, committed 75968K, reserved 1122304K
  class space    used 9730K, committed 9984K, reserved 1048576K
}
Event: 46.186 GC heap after
{Heap after GC invocations=41 (full 0):
 garbage-first heap   total 186368K, used 96256K [0x0000000083600000, 0x0000000100000000)
  region size 1024K, 2 young (2048K), 2 survivors (2048K)
 Metaspace       used 75491K, committed 75968K, reserved 1122304K
  class space    used 9730K, committed 9984K, reserved 1048576K
}
Event: 46.198 GC heap before
{Heap before GC invocations=41 (full 0):
 garbage-first heap   total 186368K, used 103424K [0x0000000083600000, 0x0000000100000000)
  region size 1024K, 9 young (9216K), 2 survivors (2048K)
 Metaspace       used 75491K, committed 75968K, reserved 1122304K
  class space    used 9730K, committed 9984K, reserved 1048576K
}

